[  0%] Built target std_msgs_generate_messages_lisp
[  0%] Built target vesc_msgs_generate_messages_py
[  0%] Built target std_msgs_generate_messages_nodejs
[  0%] Built target std_msgs_generate_messages_py
[  0%] Built target roscpp_generate_messages_cpp
[  0%] Built target roscpp_generate_messages_eus
[  0%] Built target roscpp_generate_messages_lisp
[  0%] Built target roscpp_generate_messages_nodejs
[  0%] Built target roscpp_generate_messages_py
[  0%] Built target rosgraph_msgs_generate_messages_cpp
[  0%] Built target nodelet_generate_messages_eus
[  0%] Built target nodelet_generate_messages_lisp
[  0%] Built target bond_generate_messages_cpp
[  0%] Built target bond_generate_messages_eus
[  0%] Built target bond_generate_messages_lisp
[  0%] Built target bond_generate_messages_nodejs
[  0%] Built target bond_generate_messages_py
[  0%] Built target std_msgs_generate_messages_cpp
[  0%] Built target std_msgs_generate_messages_eus
[  0%] Built target nodelet_generate_messages_nodejs
[  0%] Built target nodelet_generate_messages_py
[  0%] Built target nodelet_generate_messages_cpp
[  0%] Built target rosgraph_msgs_generate_messages_eus
[  0%] Built target rosgraph_msgs_generate_messages_lisp
[  0%] Built target rosgraph_msgs_generate_messages_nodejs
[  0%] Built target rosgraph_msgs_generate_messages_py
[  0%] Built target vesc_msgs_generate_messages_cpp
[  0%] Built target vesc_msgs_generate_messages_eus
[  0%] Built target vesc_msgs_generate_messages_lisp
[  0%] Built target vesc_msgs_generate_messages_nodejs
[  8%] [32mBuilding CXX object CMakeFiles/vesc_driver_nodelet.dir/src/vesc_driver_nodelet.cpp.o[0m
[ 16%] [32mBuilding CXX object CMakeFiles/vesc_driver_node.dir/src/vesc_driver_node.cpp.o[0m
[ 25%] [32mBuilding CXX object CMakeFiles/vesc_driver_node.dir/src/vesc_driver.cpp.o[0m
[ 33%] [32mBuilding CXX object CMakeFiles/vesc_driver_node.dir/src/vesc_interface.cpp.o[0m
[ 41%] [32mBuilding CXX object CMakeFiles/vesc_driver_nodelet.dir/src/vesc_driver.cpp.o[0m
[ 50%] [32mBuilding CXX object CMakeFiles/vesc_driver_node.dir/src/vesc_packet.cpp.o[0m
[ 58%] [32mBuilding CXX object CMakeFiles/vesc_driver_node.dir/src/vesc_packet_factory.cpp.o[0m
[ 66%] [32mBuilding CXX object CMakeFiles/vesc_driver_nodelet.dir/src/vesc_interface.cpp.o[0m
[ 75%] [32m[1mLinking CXX executable /root/catkin_ws/devel/.private/vesc_driver/lib/vesc_driver/vesc_driver_node[0m
[ 83%] [32mBuilding CXX object CMakeFiles/vesc_driver_nodelet.dir/src/vesc_packet.cpp.o[0m
[ 83%] Built target vesc_driver_node
[ 91%] [32mBuilding CXX object CMakeFiles/vesc_driver_nodelet.dir/src/vesc_packet_factory.cpp.o[0m
[100%] [32m[1mLinking CXX shared library /root/catkin_ws/devel/.private/vesc_driver/lib/libvesc_driver_nodelet.so[0m
[100%] Built target vesc_driver_nodelet
