Symlinking /root/catkin_ws/devel/include/mushr_sim/CarPose.h
Symlinking /root/catkin_ws/devel/include/mushr_sim/CarPoseRequest.h
Symlinking /root/catkin_ws/devel/include/mushr_sim/CarPoseResponse.h
Symlinking /root/catkin_ws/devel/lib/mushr_sim/clicked_point_to_reposition
Symlinking /root/catkin_ws/devel/lib/mushr_sim/cmake.lock
Symlinking /root/catkin_ws/devel/lib/mushr_sim/fake_vesc_driver_node
Symlinking /root/catkin_ws/devel/lib/mushr_sim/keyboard_teleop
Symlinking /root/catkin_ws/devel/lib/mushr_sim/mushr_sim
Symlinking /root/catkin_ws/devel/lib/pkgconfig/mushr_sim.pc
Symlinking /root/catkin_ws/devel/lib/python3/dist-packages/mushr_sim/__init__.py
Symlinking /root/catkin_ws/devel/lib/python3/dist-packages/mushr_sim/srv/_CarPose.py
Symlinking /root/catkin_ws/devel/lib/python3/dist-packages/mushr_sim/srv/__init__.py
Symlinking /root/catkin_ws/devel/share/common-lisp/ros/mushr_sim/srv/CarPose.lisp
Symlinking /root/catkin_ws/devel/share/common-lisp/ros/mushr_sim/srv/_package.lisp
Symlinking /root/catkin_ws/devel/share/common-lisp/ros/mushr_sim/srv/_package_CarPose.lisp
Symlinking /root/catkin_ws/devel/share/common-lisp/ros/mushr_sim/srv/mushr_sim-srv.asd
Symlinking /root/catkin_ws/devel/share/gennodejs/ros/mushr_sim/_index.js
Symlinking /root/catkin_ws/devel/share/gennodejs/ros/mushr_sim/srv/CarPose.js
Symlinking /root/catkin_ws/devel/share/gennodejs/ros/mushr_sim/srv/_index.js
Symlinking /root/catkin_ws/devel/share/mushr_sim/cmake/mushr_sim-msg-extras.cmake
Symlinking /root/catkin_ws/devel/share/mushr_sim/cmake/mushr_sim-msg-paths.cmake
Symlinking /root/catkin_ws/devel/share/mushr_sim/cmake/mushr_simConfig-version.cmake
Symlinking /root/catkin_ws/devel/share/mushr_sim/cmake/mushr_simConfig.cmake
Symlinking /root/catkin_ws/devel/share/roseus/ros/mushr_sim/manifest.l
Symlinking /root/catkin_ws/devel/share/roseus/ros/mushr_sim/srv/CarPose.l
