[  0%] Built target vesc_msgs_generate_messages_py
[  0%] Built target bond_generate_messages_eus
[  0%] Built target bond_generate_messages_lisp
[  0%] Built target bond_generate_messages_nodejs
[  0%] Built target bond_generate_messages_py
[  0%] Built target std_msgs_generate_messages_cpp
[  0%] Built target nodelet_generate_messages_lisp
[  0%] Built target nodelet_generate_messages_nodejs
[  0%] Built target nodelet_generate_messages_py
[  0%] Built target bond_generate_messages_cpp
[  0%] Built target nodelet_generate_messages_cpp
[  0%] Built target nodelet_generate_messages_eus
[  0%] Built target std_msgs_generate_messages_eus
[  0%] Built target std_msgs_generate_messages_lisp
[  0%] Built target std_msgs_generate_messages_nodejs
[  0%] Built target std_msgs_generate_messages_py
[  0%] Built target roscpp_generate_messages_cpp
[  0%] Built target roscpp_generate_messages_eus
[  0%] Built target roscpp_generate_messages_lisp
[  0%] Built target roscpp_generate_messages_nodejs
[  0%] Built target roscpp_generate_messages_py
[  0%] Built target rosgraph_msgs_generate_messages_cpp
[  0%] Built target rosgraph_msgs_generate_messages_eus
[  0%] Built target rosgraph_msgs_generate_messages_lisp
[  0%] Built target rosgraph_msgs_generate_messages_nodejs
[  0%] Built target rosgraph_msgs_generate_messages_py
[  0%] Built target nav_msgs_generate_messages_cpp
[  0%] Built target nav_msgs_generate_messages_eus
[  0%] Built target nav_msgs_generate_messages_lisp
[  0%] Built target nav_msgs_generate_messages_nodejs
[  0%] Built target nav_msgs_generate_messages_py
[  0%] Built target geometry_msgs_generate_messages_cpp
[  0%] Built target geometry_msgs_generate_messages_eus
[  0%] Built target geometry_msgs_generate_messages_lisp
[  0%] Built target geometry_msgs_generate_messages_nodejs
[  0%] Built target geometry_msgs_generate_messages_py
[  0%] Built target actionlib_msgs_generate_messages_cpp
[  0%] Built target actionlib_msgs_generate_messages_eus
[  0%] Built target actionlib_msgs_generate_messages_lisp
[  0%] Built target actionlib_msgs_generate_messages_nodejs
[  0%] Built target actionlib_msgs_generate_messages_py
[  0%] Built target tf_generate_messages_cpp
[  0%] Built target tf_generate_messages_eus
[  0%] Built target tf_generate_messages_lisp
[  0%] Built target tf_generate_messages_nodejs
[  0%] Built target tf_generate_messages_py
[  0%] Built target sensor_msgs_generate_messages_cpp
[  0%] Built target sensor_msgs_generate_messages_eus
[  0%] Built target sensor_msgs_generate_messages_lisp
[  0%] Built target sensor_msgs_generate_messages_nodejs
[  0%] Built target sensor_msgs_generate_messages_py
[  0%] Built target actionlib_generate_messages_cpp
[  0%] Built target actionlib_generate_messages_eus
[  0%] Built target actionlib_generate_messages_lisp
[  0%] Built target actionlib_generate_messages_nodejs
[  0%] Built target actionlib_generate_messages_py
[  0%] Built target tf2_msgs_generate_messages_cpp
[  0%] Built target tf2_msgs_generate_messages_eus
[  0%] Built target tf2_msgs_generate_messages_lisp
[  0%] Built target tf2_msgs_generate_messages_nodejs
[  0%] Built target tf2_msgs_generate_messages_py
[  0%] Built target ackermann_msgs_generate_messages_cpp
[  0%] Built target ackermann_msgs_generate_messages_eus
[  0%] Built target ackermann_msgs_generate_messages_lisp
[  0%] Built target ackermann_msgs_generate_messages_nodejs
[  0%] Built target ackermann_msgs_generate_messages_py
[  0%] Built target vesc_msgs_generate_messages_cpp
[  0%] Built target vesc_msgs_generate_messages_eus
[  0%] Built target vesc_msgs_generate_messages_lisp
[  0%] Built target vesc_msgs_generate_messages_nodejs
[  9%] [32mBuilding CXX object CMakeFiles/vesc_to_odom_node.dir/src/vesc_to_odom_node.cpp.o[0m
[ 18%] [32mBuilding CXX object CMakeFiles/vesc_to_odom_node.dir/src/vesc_to_odom.cpp.o[0m
[ 27%] [32mBuilding CXX object CMakeFiles/ackermann_to_vesc_node.dir/src/ackermann_to_vesc_node.cpp.o[0m
[ 36%] [32mBuilding CXX object CMakeFiles/ackermann_to_vesc_node.dir/src/ackermann_to_vesc.cpp.o[0m
[ 45%] [32m[1mLinking CXX executable /root/catkin_ws/devel/.private/vesc_ackermann/lib/vesc_ackermann/vesc_to_odom_node[0m
[ 54%] [32mBuilding CXX object CMakeFiles/vesc_ackermann_nodelet.dir/src/ackermann_to_vesc_nodelet.cpp.o[0m
[ 54%] Built target vesc_to_odom_node
[ 63%] [32mBuilding CXX object CMakeFiles/vesc_ackermann_nodelet.dir/src/ackermann_to_vesc.cpp.o[0m
[ 72%] [32mBuilding CXX object CMakeFiles/vesc_ackermann_nodelet.dir/src/vesc_to_odom_nodelet.cpp.o[0m
[ 81%] [32m[1mLinking CXX executable /root/catkin_ws/devel/.private/vesc_ackermann/lib/vesc_ackermann/ackermann_to_vesc_node[0m
[ 81%] Built target ackermann_to_vesc_node
[ 90%] [32mBuilding CXX object CMakeFiles/vesc_ackermann_nodelet.dir/src/vesc_to_odom.cpp.o[0m
[100%] [32m[1mLinking CXX shared library /root/catkin_ws/devel/.private/vesc_ackermann/lib/libvesc_ackermann_nodelet.so[0m
[100%] Built target vesc_ackermann_nodelet
