Symlinking /root/catkin_ws/devel/include/vesc_msgs/VescState.h
Symlinking /root/catkin_ws/devel/include/vesc_msgs/VescStateStamped.h
Symlinking /root/catkin_ws/devel/lib/pkgconfig/vesc_msgs.pc
Symlinking /root/catkin_ws/devel/lib/python3/dist-packages/vesc_msgs/__init__.py
Symlinking /root/catkin_ws/devel/lib/python3/dist-packages/vesc_msgs/msg/_VescState.py
Symlinking /root/catkin_ws/devel/lib/python3/dist-packages/vesc_msgs/msg/_VescStateStamped.py
Symlinking /root/catkin_ws/devel/lib/python3/dist-packages/vesc_msgs/msg/__init__.py
Symlinking /root/catkin_ws/devel/share/common-lisp/ros/vesc_msgs/msg/VescState.lisp
Symlinking /root/catkin_ws/devel/share/common-lisp/ros/vesc_msgs/msg/VescStateStamped.lisp
Symlinking /root/catkin_ws/devel/share/common-lisp/ros/vesc_msgs/msg/_package.lisp
Symlinking /root/catkin_ws/devel/share/common-lisp/ros/vesc_msgs/msg/_package_VescState.lisp
Symlinking /root/catkin_ws/devel/share/common-lisp/ros/vesc_msgs/msg/_package_VescStateStamped.lisp
Symlinking /root/catkin_ws/devel/share/common-lisp/ros/vesc_msgs/msg/vesc_msgs-msg.asd
Symlinking /root/catkin_ws/devel/share/gennodejs/ros/vesc_msgs/_index.js
Symlinking /root/catkin_ws/devel/share/gennodejs/ros/vesc_msgs/msg/VescState.js
Symlinking /root/catkin_ws/devel/share/gennodejs/ros/vesc_msgs/msg/VescStateStamped.js
Symlinking /root/catkin_ws/devel/share/gennodejs/ros/vesc_msgs/msg/_index.js
Symlinking /root/catkin_ws/devel/share/roseus/ros/vesc_msgs/manifest.l
Symlinking /root/catkin_ws/devel/share/roseus/ros/vesc_msgs/msg/VescState.l
Symlinking /root/catkin_ws/devel/share/roseus/ros/vesc_msgs/msg/VescStateStamped.l
Symlinking /root/catkin_ws/devel/share/vesc_msgs/cmake/vesc_msgs-msg-extras.cmake
Symlinking /root/catkin_ws/devel/share/vesc_msgs/cmake/vesc_msgs-msg-paths.cmake
Symlinking /root/catkin_ws/devel/share/vesc_msgs/cmake/vesc_msgsConfig-version.cmake
Symlinking /root/catkin_ws/devel/share/vesc_msgs/cmake/vesc_msgsConfig.cmake
