Symlinking /root/catkin_ws/devel/include/mushr_rhc/XYHV.h
Symlinking /root/catkin_ws/devel/include/mushr_rhc/XYHVPath.h
Symlinking /root/catkin_ws/devel/lib/pkgconfig/mushr_rhc.pc
Symlinking /root/catkin_ws/devel/lib/python3/dist-packages/mushr_rhc/__init__.py
Symlinking /root/catkin_ws/devel/lib/python3/dist-packages/mushr_rhc/msg/_XYHV.py
Symlinking /root/catkin_ws/devel/lib/python3/dist-packages/mushr_rhc/msg/_XYHVPath.py
Symlinking /root/catkin_ws/devel/lib/python3/dist-packages/mushr_rhc/msg/__init__.py
Symlinking /root/catkin_ws/devel/share/common-lisp/ros/mushr_rhc/msg/XYHV.lisp
Symlinking /root/catkin_ws/devel/share/common-lisp/ros/mushr_rhc/msg/XYHVPath.lisp
Symlinking /root/catkin_ws/devel/share/common-lisp/ros/mushr_rhc/msg/_package.lisp
Symlinking /root/catkin_ws/devel/share/common-lisp/ros/mushr_rhc/msg/_package_XYHV.lisp
Symlinking /root/catkin_ws/devel/share/common-lisp/ros/mushr_rhc/msg/_package_XYHVPath.lisp
Symlinking /root/catkin_ws/devel/share/common-lisp/ros/mushr_rhc/msg/mushr_rhc-msg.asd
Symlinking /root/catkin_ws/devel/share/gennodejs/ros/mushr_rhc/_index.js
Symlinking /root/catkin_ws/devel/share/gennodejs/ros/mushr_rhc/msg/XYHV.js
Symlinking /root/catkin_ws/devel/share/gennodejs/ros/mushr_rhc/msg/XYHVPath.js
Symlinking /root/catkin_ws/devel/share/gennodejs/ros/mushr_rhc/msg/_index.js
Symlinking /root/catkin_ws/devel/share/mushr_rhc/cmake/mushr_rhc-msg-extras.cmake
Symlinking /root/catkin_ws/devel/share/mushr_rhc/cmake/mushr_rhc-msg-paths.cmake
Symlinking /root/catkin_ws/devel/share/mushr_rhc/cmake/mushr_rhcConfig-version.cmake
Symlinking /root/catkin_ws/devel/share/mushr_rhc/cmake/mushr_rhcConfig.cmake
Symlinking /root/catkin_ws/devel/share/roseus/ros/mushr_rhc/manifest.l
Symlinking /root/catkin_ws/devel/share/roseus/ros/mushr_rhc/msg/XYHV.l
Symlinking /root/catkin_ws/devel/share/roseus/ros/mushr_rhc/msg/XYHVPath.l
