[  0%] Built target std_msgs_generate_messages_cpp
[  0%] Built target std_msgs_generate_messages_py
[  0%] Built target _mushr_rhc_generate_messages_check_deps_XYHV
[  0%] Built target _mushr_rhc_generate_messages_check_deps_XYHVPath
[  0%] Built target std_msgs_generate_messages_eus
[  0%] Built target std_msgs_generate_messages_lisp
[  0%] Built target std_msgs_generate_messages_nodejs
[  8%] [34m[1mGenerating Python from MSG mushr_rhc/XYHV[0m
[ 16%] [34m[1mGenerating C++ code from mushr_rhc/XYHV.msg[0m
[ 25%] [34m[1mGenerating EusLisp code from mushr_rhc/XYHV.msg[0m
[ 33%] [34m[1mGenerating Lisp code from mushr_rhc/XYHV.msg[0m
[ 41%] [34m[1mGenerating EusLisp code from mushr_rhc/XYHVPath.msg[0m
[ 50%] [34m[1mGenerating Lisp code from mushr_rhc/XYHVPath.msg[0m
[ 58%] [34m[1mGenerating Python from MSG mushr_rhc/XYHVPath[0m
[ 66%] [34m[1mGenerating C++ code from mushr_rhc/XYHVPath.msg[0m
[ 75%] [34m[1mGenerating EusLisp manifest code for mushr_rhc[0m
[ 75%] Built target mushr_rhc_generate_messages_lisp
[ 91%] [34m[1mGenerating Python msg __init__.py for mushr_rhc[0m
[ 91%] [34m[1mGenerating Javascript code from mushr_rhc/XYHV.msg[0m
[ 91%] Built target mushr_rhc_generate_messages_cpp
[100%] [34m[1mGenerating Javascript code from mushr_rhc/XYHVPath.msg[0m
[100%] Built target mushr_rhc_generate_messages_nodejs
[100%] Built target mushr_rhc_generate_messages_py
[100%] Built target mushr_rhc_generate_messages_eus
[100%] Built target mushr_rhc_generate_messages
